<?xml version="1.0" encoding="UTF-8"?>
<testsuite name="ohtu.verkkokauppa.KauppaTest" tests="4" skipped="0" failures="0" errors="0" timestamp="2020-11-22T15:38:51" hostname="DESKTOP-K8S1DGN" time="0.326">
  <properties/>
  <testcase name="ostosOnnistuuKutsumallaTilimaksuaJaVeloitetaanOikealtaAsiakkaaltaOikeillaTiedoilla" classname="ohtu.verkkokauppa.KauppaTest" time="0.32"/>
  <testcase name="ostosOnnistuuKahdellaSamallaTuotteella" classname="ohtu.verkkokauppa.KauppaTest" time="0.001"/>
  <testcase name="ostosOnnistuuKahdellaEriTuotteella" classname="ohtu.verkkokauppa.KauppaTest" time="0.001"/>
  <testcase name="ostosVeloitetaanOikeinKunTuotettallaEiOleSaldoa" classname="ohtu.verkkokauppa.KauppaTest" time="0.002"/>
  <system-out><![CDATA[]]></system-out>
  <system-err><![CDATA[]]></system-err>
</testsuite>
